2023-02-05 20:55:04,006 - logger - ERROR - get packages: Object of type Response is not JSON serializable - (api.py:116)
2023-02-05 20:56:00,893 - logger - ERROR - get packages: Object of type Response is not JSON serializable - (api.py:116)
2023-02-05 21:33:53,472 - logger - ERROR - get banners: name 'limit' is not defined - (api.py:144)
2023-02-05 21:49:37,935 - logger - ERROR - Connection to db error - (get_token.py:40)
2023-02-05 21:54:38,822 - logger - ERROR - Connection to db error - (get_token.py:40)
2023-02-05 21:54:39,985 - logger - ERROR - get campaigns: 'NoneType' object is not subscriptable - (api.py:95)
2023-02-05 22:05:35,279 - logger - ERROR - get campaigns: list indices must be integers or slices, not str - (api.py:95)
2023-02-05 22:07:28,180 - logger - ERROR - get campaigns: list indices must be integers or slices, not str - (api.py:97)
2023-02-05 22:13:25,402 - logger - ERROR - get campaigns: 401 - (api.py:85)
2023-02-05 22:16:23,642 - logger - ERROR - get campaigns: 401 - (api.py:148)
2023-02-05 22:23:51,904 - logger - ERROR - get campaigns: 401 - (api.py:148)
2023-02-05 22:45:33,062 - logger - ERROR - get packages: res.status_code - (api.py:120)
2023-02-05 22:46:33,592 - logger - ERROR - get packages: 401 - (api.py:120)
2023-02-05 22:47:20,186 - logger - ERROR - get packages: 401 - (api.py:120)
2023-02-05 22:47:48,196 - logger - ERROR - get packages: 401 - (api.py:120)
2023-02-06 22:57:44,973 - logger - ERROR - add adset: marketing api error 400 - (api.py:285)
2023-02-07 02:09:33,396 - logger - ERROR - add banner: name 'products_zoom' is not defined - (api.py:378)
2023-02-07 02:12:18,983 - logger - ERROR - add banner: KeyError - (api.py:374)
2023-02-07 02:16:18,706 - logger - ERROR - add banner: KeyError - (api.py:374)
2023-02-07 02:18:54,380 - logger - ERROR - add banner: 400 Bad Request: The browser (or proxy) sent a request that this server could not understand. - (api.py:379)
2023-02-18 23:37:26,047 - logger - ERROR - get packages: 401 - (api.py:128)
2023-02-25 00:37:44,549 - logger - ERROR - add banner: 'int' object is not iterable - (api.py:596)
2023-02-25 01:08:33,150 - logger - ERROR - add banner: 'latin-1' codec can't encode characters in position 1340-1342: Body ('рст') is not valid Latin-1. Use body.encode('utf-8') if you want to send it encoded in UTF-8. - (api.py:596)
2023-02-25 01:11:27,419 - logger - ERROR - add banner: 'latin-1' codec can't encode characters in position 1340-1342: Body ('рст') is not valid Latin-1. Use body.encode('utf-8') if you want to send it encoded in UTF-8. - (api.py:596)
2023-02-25 01:18:17,092 - logger - ERROR - add banner: 'latin-1' codec can't encode characters in position 1340-1342: Body ('рст') is not valid Latin-1. Use body.encode('utf-8') if you want to send it encoded in UTF-8. - (api.py:596)
2023-02-26 00:25:22,367 - logger - ERROR - get banner patterns: 401 - (api.py:245)
2023-02-26 02:46:58,945 - logger - ERROR - update campaign: mytarget api error 401 - (api.py:591)
2023-02-26 03:08:38,788 - logger - ERROR - delete campaign: delete() takes 1 positional argument but 2 were given - (api.py:643)
2023-02-26 03:25:59,192 - logger - ERROR - delete campaign: mytarget api error 401 - (api.py:631)
2023-02-26 03:35:34,432 - logger - ERROR - delete campaign: mytarget api error 404 - (api.py:631)
2023-02-26 03:37:51,149 - logger - ERROR - delete campaign: mytarget api error 404 - (api.py:631)
2023-02-26 03:38:36,382 - logger - ERROR - delete campaign: Expecting value: line 1 column 1 (char 0) - (api.py:643)
2023-02-26 03:40:15,370 - logger - ERROR - delete campaign: Expecting value: line 1 column 1 (char 0) - (api.py:643)
2023-02-26 18:59:18,848 - logger - ERROR - add content: Invalid format specifier '300, "height":300' for object of type 'str' - (api.py:967)
2023-02-26 19:02:01,155 - logger - ERROR - add content: cannot access local variable 'body' where it is not associated with a value - (api.py:967)
2023-02-26 19:02:02,164 - logger - ERROR - add content: cannot access local variable 'body' where it is not associated with a value - (api.py:967)
2023-02-26 22:51:11,163 - logger - ERROR - add content: 'str' object has no attribute 'decode' - (api.py:967)
2023-02-26 22:53:00,078 - logger - ERROR - add content: 'str' object has no attribute 'decode' - (api.py:967)
2023-02-27 00:58:01,784 - logger - ERROR - add content: 400 Bad Request: The browser (or proxy) sent a request that this server could not understand. - (api.py:967)
2023-02-27 01:03:54,764 - logger - ERROR - add content: 400 Bad Request: The browser (or proxy) sent a request that this server could not understand. - (api.py:967)
2023-02-27 01:03:55,823 - logger - ERROR - add content: 400 Bad Request: The browser (or proxy) sent a request that this server could not understand. - (api.py:967)
2023-02-27 01:04:53,769 - logger - ERROR - add content: 400 Bad Request: The browser (or proxy) sent a request that this server could not understand. - (api.py:967)
2023-02-27 01:09:36,478 - logger - ERROR - add content: 400 Bad Request: The browser (or proxy) sent a request that this server could not understand. - (api.py:967)
2023-02-27 01:10:19,500 - logger - ERROR - add content: 400 Bad Request: The browser (or proxy) sent a request that this server could not understand. - (api.py:967)
2023-02-27 01:12:05,865 - logger - ERROR - add content: 400 Bad Request: The browser (or proxy) sent a request that this server could not understand. - (api.py:967)
2023-02-27 16:56:37,842 - logger - ERROR - add content: 400 Bad Request: The browser (or proxy) sent a request that this server could not understand. - (api.py:967)
2023-02-27 16:59:25,960 - logger - ERROR - add content: 400 Bad Request: The browser (or proxy) sent a request that this server could not understand. - (api.py:967)
2023-02-27 16:59:57,498 - logger - ERROR - add content: a bytes-like object is required, not 'dict' - (api.py:967)
2023-02-27 17:02:26,823 - logger - ERROR - add content: 400 Bad Request: The browser (or proxy) sent a request that this server could not understand. - (api.py:967)
2023-02-27 17:26:28,975 - logger - ERROR - add content: 400 Bad Request: The browser (or proxy) sent a request that this server could not understand. - (api.py:967)
2023-02-27 17:34:32,127 - logger - ERROR - add content: a bytes-like object is required, not 'dict' - (api.py:967)
2023-02-27 17:34:50,600 - logger - ERROR - add content: a bytes-like object is required, not 'dict' - (api.py:967)
2023-02-27 17:37:40,483 - logger - ERROR - add content: cannot encode objects that are not 2-tuples - (api.py:967)
2023-02-27 17:41:50,541 - logger - ERROR - add content: a bytes-like object is required, not 'dict' - (api.py:967)
2023-02-27 17:42:54,376 - logger - ERROR - add content: a bytes-like object is required, not 'dict' - (api.py:967)
2023-03-14 23:13:37,621 - logger - ERROR - add content: 400 Bad Request: The browser (or proxy) sent a request that this server could not understand. - (api.py:967)
2023-03-14 23:23:22,028 - logger - ERROR - add content: 400 Bad Request: The browser (or proxy) sent a request that this server could not understand. - (api.py:969)
2023-03-14 23:24:59,098 - logger - ERROR - add content: 400 Bad Request: The browser (or proxy) sent a request that this server could not understand. - (api.py:969)
2023-03-14 23:25:54,067 - logger - ERROR - add content: name 'res' is not defined - (api.py:969)
2023-03-14 23:29:30,242 - logger - ERROR - add content: 400 Bad Request: The browser (or proxy) sent a request that this server could not understand. - (api.py:969)
2023-03-14 23:41:12,697 - logger - ERROR - add content: 400 Bad Request: The browser (or proxy) sent a request that this server could not understand. - (api.py:969)
2023-03-15 12:11:12,577 - logger - ERROR - get campaigns: 401 - (api.py:316)
