2023-02-05 20:55:04,006 - logger - ERROR - get packages: Object of type Response is not JSON serializable - (api.py:116)
2023-02-05 20:56:00,893 - logger - ERROR - get packages: Object of type Response is not JSON serializable - (api.py:116)
2023-02-05 21:33:53,472 - logger - ERROR - get banners: name 'limit' is not defined - (api.py:144)
2023-02-05 21:49:37,935 - logger - ERROR - Connection to db error - (get_token.py:40)
2023-02-05 21:54:38,822 - logger - ERROR - Connection to db error - (get_token.py:40)
2023-02-05 21:54:39,985 - logger - ERROR - get campaigns: 'NoneType' object is not subscriptable - (api.py:95)
2023-02-05 22:05:35,279 - logger - ERROR - get campaigns: list indices must be integers or slices, not str - (api.py:95)
2023-02-05 22:07:28,180 - logger - ERROR - get campaigns: list indices must be integers or slices, not str - (api.py:97)
2023-02-05 22:13:02,128 - logger - INFO - get campaigns: 200 - (api.py:82)
2023-02-05 22:13:25,402 - logger - ERROR - get campaigns: 401 - (api.py:85)
2023-02-05 22:16:23,642 - logger - ERROR - get campaigns: 401 - (api.py:148)
2023-02-05 22:17:27,692 - logger - INFO - get campaigns: 200 - (api.py:145)
2023-02-05 22:23:51,904 - logger - ERROR - get campaigns: 401 - (api.py:148)
2023-02-05 22:24:53,146 - logger - INFO - get campaigns: 200 - (api.py:145)
2023-02-05 22:45:33,062 - logger - ERROR - get packages: res.status_code - (api.py:120)
2023-02-05 22:46:33,592 - logger - ERROR - get packages: 401 - (api.py:120)
2023-02-05 22:47:20,186 - logger - ERROR - get packages: 401 - (api.py:120)
2023-02-05 22:47:48,196 - logger - ERROR - get packages: 401 - (api.py:120)
2023-02-06 22:57:18,362 - logger - INFO - get campaigns: 200 - (api.py:82)
2023-02-06 22:57:44,973 - logger - ERROR - add adset: marketing api error 400 - (api.py:285)
2023-02-06 22:59:41,858 - logger - INFO - get campaigns: 200 - (api.py:82)
2023-02-06 22:59:51,076 - logger - INFO - add adset: 400 - (api.py:282)
2023-02-06 23:01:51,946 - logger - INFO - add adset: 400 - (api.py:282)
2023-02-06 23:04:43,033 - logger - INFO - add adset: 400 - (api.py:282)
2023-02-06 23:06:38,725 - logger - INFO - add adset: 400 - (api.py:282)
2023-02-06 23:14:27,772 - logger - INFO - add adset: 400 - (api.py:291)
2023-02-06 23:25:01,773 - logger - INFO - add adset: 400 - (api.py:314)
2023-02-06 23:26:46,670 - logger - INFO - add adset: 400 - (api.py:314)
2023-02-06 23:29:46,126 - logger - INFO - add adset: 400 - (api.py:319)
2023-02-06 23:36:47,346 - logger - INFO - add adset: 400 - (api.py:319)
2023-02-06 23:39:14,127 - logger - INFO - add adset: 400 - (api.py:319)
2023-02-06 23:39:51,982 - logger - INFO - add adset: 400 - (api.py:319)
2023-02-06 23:40:36,966 - logger - INFO - add adset: 400 - (api.py:319)
2023-02-06 23:42:46,362 - logger - INFO - add adset: 400 - (api.py:327)
2023-02-06 23:43:08,363 - logger - INFO - add adset: 400 - (api.py:327)
2023-02-06 23:44:05,723 - logger - INFO - add adset: 400 - (api.py:327)
2023-02-06 23:45:15,411 - logger - INFO - add adset: 400 - (api.py:327)
2023-02-06 23:45:54,166 - logger - INFO - add adset: 400 - (api.py:327)
2023-02-06 23:46:09,622 - logger - INFO - add adset: 400 - (api.py:327)
2023-02-06 23:46:34,800 - logger - INFO - add adset: 400 - (api.py:327)
2023-02-06 23:46:53,062 - logger - INFO - add adset: 400 - (api.py:327)
2023-02-06 23:47:15,454 - logger - INFO - add adset: 400 - (api.py:327)
2023-02-06 23:47:35,000 - logger - INFO - add adset: 400 - (api.py:327)
2023-02-06 23:48:09,853 - logger - INFO - add adset: 400 - (api.py:327)
2023-02-06 23:48:30,354 - logger - INFO - add adset: 400 - (api.py:327)
2023-02-06 23:48:46,616 - logger - INFO - add adset: 400 - (api.py:327)
2023-02-06 23:49:37,102 - logger - INFO - add adset: 400 - (api.py:327)
2023-02-06 23:49:58,720 - logger - INFO - add adset: 400 - (api.py:327)
2023-02-06 23:50:30,479 - logger - INFO - add adset: 400 - (api.py:327)
2023-02-06 23:50:49,120 - logger - INFO - add adset: 400 - (api.py:327)
2023-02-06 23:51:02,773 - logger - INFO - add adset: 400 - (api.py:327)
2023-02-06 23:51:28,162 - logger - INFO - add adset: 400 - (api.py:327)
2023-02-06 23:51:46,141 - logger - INFO - add adset: 400 - (api.py:327)
2023-02-06 23:52:15,854 - logger - INFO - add adset: 400 - (api.py:327)
2023-02-06 23:53:05,701 - logger - INFO - add adset: 400 - (api.py:327)
2023-02-06 23:53:35,806 - logger - INFO - add adset: 400 - (api.py:327)
2023-02-06 23:54:00,159 - logger - INFO - add adset: 400 - (api.py:327)
2023-02-06 23:54:18,265 - logger - INFO - add campaign: 200 - (api.py:324)
2023-02-07 02:09:33,396 - logger - ERROR - add banner: name 'products_zoom' is not defined - (api.py:378)
2023-02-07 02:10:50,759 - logger - INFO - add banner: 400 - (api.py:363)
2023-02-07 02:11:23,947 - logger - INFO - add banner: 400 - (api.py:363)
2023-02-07 02:11:38,645 - logger - INFO - add banner: 400 - (api.py:363)
2023-02-07 02:12:18,983 - logger - ERROR - add banner: KeyError - (api.py:374)
2023-02-07 02:15:40,931 - logger - INFO - add banner: 400 - (api.py:363)
2023-02-07 02:16:07,809 - logger - INFO - add banner: 400 - (api.py:363)
2023-02-07 02:16:18,706 - logger - ERROR - add banner: KeyError - (api.py:374)
2023-02-07 02:17:09,668 - logger - INFO - add banner: 400 - (api.py:364)
2023-02-07 02:17:21,385 - logger - INFO - add banner: 400 - (api.py:364)
2023-02-07 02:17:43,269 - logger - INFO - add banner: 400 - (api.py:364)
2023-02-07 02:18:08,201 - logger - INFO - add banner: 400 - (api.py:364)
2023-02-07 02:18:19,344 - logger - INFO - add banner: 400 - (api.py:364)
2023-02-07 02:18:34,145 - logger - INFO - add banner: 400 - (api.py:364)
2023-02-07 02:18:54,380 - logger - ERROR - add banner: 400 Bad Request: The browser (or proxy) sent a request that this server could not understand. - (api.py:379)
2023-02-07 02:19:20,380 - logger - INFO - add banner: 400 - (api.py:364)
2023-02-07 02:19:47,951 - logger - INFO - add banner: 400 - (api.py:364)
2023-02-07 02:20:06,030 - logger - INFO - add banner: 400 - (api.py:364)
2023-02-07 02:20:53,926 - logger - INFO - add banner: 400 - (api.py:364)
2023-02-07 02:21:01,439 - logger - INFO - add banner: 400 - (api.py:364)
2023-02-17 23:17:35,608 - logger - INFO - add campaign: 400 - (api.py:298)
2023-02-17 23:25:22,826 - logger - INFO - get packages: 200 - (api.py:125)
2023-02-17 23:48:08,794 - logger - INFO - add campaign: 400 - (api.py:298)
2023-02-17 23:48:39,501 - logger - INFO - add campaign: 400 - (api.py:298)
2023-02-17 23:49:18,050 - logger - INFO - add campaign: 400 - (api.py:298)
2023-02-17 23:49:52,230 - logger - INFO - add campaign: 400 - (api.py:298)
2023-02-17 23:50:14,645 - logger - INFO - add campaign: 400 - (api.py:298)
2023-02-17 23:50:35,877 - logger - INFO - add campaign: 400 - (api.py:298)
2023-02-17 23:50:46,928 - logger - INFO - add campaign: 400 - (api.py:298)
2023-02-17 23:51:07,658 - logger - INFO - add campaign: 400 - (api.py:298)
2023-02-17 23:51:22,406 - logger - INFO - add campaign: 400 - (api.py:298)
2023-02-17 23:51:59,005 - logger - INFO - add campaign: 400 - (api.py:298)
2023-02-17 23:52:19,289 - logger - INFO - add campaign: 400 - (api.py:298)
2023-02-17 23:52:46,155 - logger - INFO - add campaign: 400 - (api.py:298)
2023-02-17 23:53:06,787 - logger - INFO - add campaign: 400 - (api.py:298)
2023-02-17 23:53:43,226 - logger - INFO - add campaign: 200 - (api.py:295)
2023-02-18 00:33:58,812 - logger - INFO - add banner: 400 - (api.py:364)
2023-02-18 00:43:39,407 - logger - INFO - add banner: 400 - (api.py:364)
2023-02-18 00:44:40,902 - logger - INFO - add banner: 400 - (api.py:364)
2023-02-18 00:46:52,120 - logger - INFO - get packages: 200 - (api.py:125)
2023-02-18 01:06:11,486 - logger - INFO - add campaign: 400 - (api.py:298)
2023-02-18 01:06:25,181 - logger - INFO - add campaign: 400 - (api.py:298)
2023-02-18 01:06:37,978 - logger - INFO - add campaign: 400 - (api.py:298)
2023-02-18 01:06:51,034 - logger - INFO - add campaign: 400 - (api.py:298)
2023-02-18 01:07:01,759 - logger - INFO - add campaign: 400 - (api.py:298)
2023-02-18 01:07:14,807 - logger - INFO - add campaign: 400 - (api.py:298)
2023-02-18 01:07:40,575 - logger - INFO - add campaign: 400 - (api.py:298)
2023-02-18 01:08:01,654 - logger - INFO - add campaign: 400 - (api.py:298)
2023-02-18 01:08:09,071 - logger - INFO - add campaign: 400 - (api.py:298)
2023-02-18 01:08:23,272 - logger - INFO - add campaign: 400 - (api.py:298)
2023-02-18 01:09:58,733 - logger - INFO - add campaign: 400 - (api.py:298)
2023-02-18 01:11:20,850 - logger - INFO - add campaign: 400 - (api.py:298)
2023-02-18 01:12:21,215 - logger - INFO - add campaign: 400 - (api.py:298)
2023-02-18 01:12:41,889 - logger - INFO - add campaign: 400 - (api.py:298)
2023-02-18 01:14:34,441 - logger - INFO - add campaign: 400 - (api.py:298)
2023-02-18 01:14:46,968 - logger - INFO - add campaign: 400 - (api.py:298)
2023-02-18 01:16:32,020 - logger - INFO - add campaign: 400 - (api.py:298)
2023-02-18 01:16:45,852 - logger - INFO - add campaign: 400 - (api.py:298)
2023-02-18 01:18:34,972 - logger - INFO - add campaign: 400 - (api.py:298)
2023-02-18 01:19:04,908 - logger - INFO - add campaign: 400 - (api.py:298)
2023-02-18 01:24:56,613 - logger - INFO - add campaign: 400 - (api.py:298)
2023-02-18 01:27:00,856 - logger - INFO - add campaign: 400 - (api.py:298)
2023-02-18 01:27:20,295 - logger - INFO - add campaign: 400 - (api.py:298)
2023-02-18 01:27:41,009 - logger - INFO - add campaign: 400 - (api.py:298)
2023-02-18 01:28:35,935 - logger - INFO - add campaign: 400 - (api.py:298)
2023-02-18 01:29:16,191 - logger - INFO - add campaign: 400 - (api.py:298)
2023-02-18 01:30:42,054 - logger - INFO - add campaign: 400 - (api.py:298)
2023-02-18 01:31:34,976 - logger - INFO - add campaign: 400 - (api.py:298)
2023-02-18 01:32:07,437 - logger - INFO - add campaign: 400 - (api.py:298)
2023-02-18 01:56:19,814 - logger - INFO - add banner: 400 - (api.py:364)
2023-02-18 01:59:18,074 - logger - INFO - add campaign: 400 - (api.py:298)
2023-02-18 01:59:50,701 - logger - INFO - add campaign: 400 - (api.py:298)
2023-02-18 01:59:59,341 - logger - INFO - add campaign: 200 - (api.py:295)
2023-02-18 02:00:45,901 - logger - INFO - add banner: 400 - (api.py:364)
2023-02-18 23:37:26,047 - logger - ERROR - get packages: 401 - (api.py:128)
2023-02-18 23:38:10,604 - logger - INFO - get packages: 200 - (api.py:125)
2023-02-18 23:38:30,944 - logger - INFO - get banner formats: 200 - (api.py:160)
2023-02-18 23:53:59,993 - logger - INFO - get pads trees: 200 - (api.py:197)
2023-02-18 23:55:02,800 - logger - INFO - get pads trees: 200 - (api.py:197)
2023-02-18 23:59:49,312 - logger - INFO - get banner formats: 200 - (api.py:160)
2023-02-25 00:36:46,350 - logger - INFO - get campaigns: 200 - (api.py:98)
2023-02-25 00:37:44,549 - logger - ERROR - add banner: 'int' object is not iterable - (api.py:596)
2023-02-25 00:44:40,797 - logger - INFO - get campaigns: 200 - (api.py:98)
2023-02-25 00:45:27,067 - logger - INFO - add banner: 400 - (api.py:581)
2023-02-25 00:51:48,550 - logger - INFO - add banner: 400 - (api.py:581)
2023-02-25 00:52:50,288 - logger - INFO - add banner: 400 - (api.py:581)
2023-02-25 00:55:18,086 - logger - INFO - add banner: 400 - (api.py:581)
2023-02-25 01:00:10,258 - logger - INFO - add banner: 400 - (api.py:581)
2023-02-25 01:08:33,150 - logger - ERROR - add banner: 'latin-1' codec can't encode characters in position 1340-1342: Body ('рст') is not valid Latin-1. Use body.encode('utf-8') if you want to send it encoded in UTF-8. - (api.py:596)
2023-02-25 01:11:27,419 - logger - ERROR - add banner: 'latin-1' codec can't encode characters in position 1340-1342: Body ('рст') is not valid Latin-1. Use body.encode('utf-8') if you want to send it encoded in UTF-8. - (api.py:596)
2023-02-25 01:13:04,687 - logger - INFO - add banner: 400 - (api.py:581)
2023-02-25 01:15:43,436 - logger - INFO - add banner: 400 - (api.py:581)
2023-02-25 01:17:12,338 - logger - INFO - add banner: 400 - (api.py:581)
2023-02-25 01:18:17,092 - logger - ERROR - add banner: 'latin-1' codec can't encode characters in position 1340-1342: Body ('рст') is not valid Latin-1. Use body.encode('utf-8') if you want to send it encoded in UTF-8. - (api.py:596)
2023-02-25 01:19:02,441 - logger - INFO - add banner: 400 - (api.py:581)
2023-02-25 01:20:27,671 - logger - INFO - add banner: 400 - (api.py:581)
2023-02-26 00:25:22,367 - logger - ERROR - get banner patterns: 401 - (api.py:245)
2023-02-26 00:26:49,179 - logger - INFO - get banner patterns: 200 - (api.py:242)
2023-02-26 01:43:14,451 - logger - INFO - get campaign info: 200 - (api.py:135)
2023-02-26 02:46:58,945 - logger - ERROR - update campaign: mytarget api error 401 - (api.py:591)
2023-02-26 02:49:42,025 - logger - INFO - update campaign: 400 - (api.py:585)
2023-02-26 02:51:45,469 - logger - INFO - update campaign: 401 - (api.py:585)
2023-02-26 03:08:38,788 - logger - ERROR - delete campaign: delete() takes 1 positional argument but 2 were given - (api.py:643)
2023-02-26 03:25:59,192 - logger - ERROR - delete campaign: mytarget api error 401 - (api.py:631)
2023-02-26 03:26:29,050 - logger - INFO - delete campaign: 401 - (api.py:628)
2023-02-26 03:33:25,653 - logger - INFO - delete campaign: 401 - (api.py:628)
2023-02-26 03:33:40,104 - logger - INFO - delete campaign: 401 - (api.py:628)
2023-02-26 03:34:28,019 - logger - INFO - delete campaign: 401 - (api.py:628)
2023-02-26 03:35:34,432 - logger - ERROR - delete campaign: mytarget api error 404 - (api.py:631)
2023-02-26 03:37:15,449 - logger - INFO - delete campaign: 401 - (api.py:628)
2023-02-26 03:37:51,149 - logger - ERROR - delete campaign: mytarget api error 404 - (api.py:631)
2023-02-26 03:38:36,367 - logger - INFO - delete campaign: 204 - (api.py:625)
2023-02-26 03:38:36,382 - logger - ERROR - delete campaign: Expecting value: line 1 column 1 (char 0) - (api.py:643)
2023-02-26 03:40:15,370 - logger - INFO - delete campaign: 204 - (api.py:625)
2023-02-26 03:40:15,370 - logger - ERROR - delete campaign: Expecting value: line 1 column 1 (char 0) - (api.py:643)
2023-02-26 03:40:31,733 - logger - INFO - delete campaign: 204 - (api.py:625)
2023-02-26 03:42:52,533 - logger - INFO - update campaign: 401 - (api.py:585)
2023-02-26 03:46:29,622 - logger - INFO - delete campaign: 204 - (api.py:625)
2023-02-26 04:23:15,999 - logger - INFO - add url: 201 - (api.py:866)
2023-02-26 16:18:54,622 - logger - INFO - read urls: 401 - (api.py:909)
2023-02-26 16:21:08,367 - logger - INFO - read urls: 200 - (api.py:906)
2023-02-26 16:22:20,718 - logger - INFO - read urls: 200 - (api.py:906)
2023-02-26 16:22:51,943 - logger - INFO - read urls: 200 - (api.py:906)
2023-02-26 18:53:42,706 - logger - INFO - add content: 400 - (api.py:952)
2023-02-26 18:59:18,848 - logger - ERROR - add content: Invalid format specifier '300, "height":300' for object of type 'str' - (api.py:967)
2023-02-26 19:02:01,155 - logger - ERROR - add content: cannot access local variable 'body' where it is not associated with a value - (api.py:967)
2023-02-26 19:02:02,164 - logger - ERROR - add content: cannot access local variable 'body' where it is not associated with a value - (api.py:967)
2023-02-26 19:03:17,829 - logger - INFO - add content: 400 - (api.py:952)
2023-02-26 22:51:11,163 - logger - ERROR - add content: 'str' object has no attribute 'decode' - (api.py:967)
2023-02-26 22:53:00,078 - logger - ERROR - add content: 'str' object has no attribute 'decode' - (api.py:967)
2023-02-26 22:53:39,856 - logger - INFO - add content: 400 - (api.py:952)
2023-02-26 22:58:45,579 - logger - INFO - add content: 400 - (api.py:952)
2023-02-26 22:59:13,872 - logger - INFO - add content: 400 - (api.py:952)
2023-02-27 00:58:01,784 - logger - ERROR - add content: 400 Bad Request: The browser (or proxy) sent a request that this server could not understand. - (api.py:967)
2023-02-27 01:03:54,764 - logger - ERROR - add content: 400 Bad Request: The browser (or proxy) sent a request that this server could not understand. - (api.py:967)
2023-02-27 01:03:55,823 - logger - ERROR - add content: 400 Bad Request: The browser (or proxy) sent a request that this server could not understand. - (api.py:967)
2023-02-27 01:04:53,769 - logger - ERROR - add content: 400 Bad Request: The browser (or proxy) sent a request that this server could not understand. - (api.py:967)
2023-02-27 01:09:36,478 - logger - ERROR - add content: 400 Bad Request: The browser (or proxy) sent a request that this server could not understand. - (api.py:967)
2023-02-27 01:10:19,500 - logger - ERROR - add content: 400 Bad Request: The browser (or proxy) sent a request that this server could not understand. - (api.py:967)
2023-02-27 01:12:05,865 - logger - ERROR - add content: 400 Bad Request: The browser (or proxy) sent a request that this server could not understand. - (api.py:967)
2023-02-27 16:56:37,842 - logger - ERROR - add content: 400 Bad Request: The browser (or proxy) sent a request that this server could not understand. - (api.py:967)
2023-02-27 16:59:25,960 - logger - ERROR - add content: 400 Bad Request: The browser (or proxy) sent a request that this server could not understand. - (api.py:967)
2023-02-27 16:59:57,498 - logger - ERROR - add content: a bytes-like object is required, not 'dict' - (api.py:967)
2023-02-27 17:02:26,823 - logger - ERROR - add content: 400 Bad Request: The browser (or proxy) sent a request that this server could not understand. - (api.py:967)
2023-02-27 17:26:28,975 - logger - ERROR - add content: 400 Bad Request: The browser (or proxy) sent a request that this server could not understand. - (api.py:967)
2023-02-27 17:34:32,127 - logger - ERROR - add content: a bytes-like object is required, not 'dict' - (api.py:967)
2023-02-27 17:34:50,600 - logger - ERROR - add content: a bytes-like object is required, not 'dict' - (api.py:967)
2023-02-27 17:37:40,483 - logger - ERROR - add content: cannot encode objects that are not 2-tuples - (api.py:967)
2023-02-27 17:41:50,541 - logger - ERROR - add content: a bytes-like object is required, not 'dict' - (api.py:967)
2023-02-27 17:42:54,376 - logger - ERROR - add content: a bytes-like object is required, not 'dict' - (api.py:967)
2023-02-27 17:44:10,760 - logger - INFO - add content: 400 - (api.py:952)
2023-02-27 17:46:20,305 - logger - INFO - add content: 400 - (api.py:952)
2023-02-27 17:47:14,974 - logger - INFO - add content: 400 - (api.py:952)
2023-02-27 17:48:27,351 - logger - INFO - add content: 400 - (api.py:952)
2023-02-27 17:49:31,848 - logger - INFO - add content: 400 - (api.py:952)
2023-02-27 17:49:39,882 - logger - INFO - add content: 400 - (api.py:952)
2023-02-27 18:35:55,607 - logger - INFO - add content: 400 - (api.py:952)
2023-02-27 18:36:06,327 - logger - INFO - add content: 400 - (api.py:952)
2023-02-27 18:36:28,440 - logger - INFO - add content: 400 - (api.py:952)
2023-02-27 18:36:33,348 - logger - INFO - add content: 400 - (api.py:952)
2023-02-27 18:36:55,227 - logger - INFO - add content: 400 - (api.py:952)
2023-02-27 18:37:33,207 - logger - INFO - add content: 400 - (api.py:952)
2023-02-27 18:38:32,318 - logger - INFO - add content: 400 - (api.py:952)
2023-02-27 18:39:35,556 - logger - INFO - add content: 400 - (api.py:952)
2023-02-27 18:42:20,363 - logger - INFO - add content: 400 - (api.py:952)
2023-02-27 23:00:22,453 - logger - INFO - add content: 400 - (api.py:952)
2023-02-27 23:06:09,390 - logger - INFO - add content: 400 - (api.py:952)
2023-02-27 23:08:11,794 - logger - INFO - add content: 400 - (api.py:952)
2023-02-27 23:22:16,525 - logger - INFO - add content: 400 - (api.py:952)
2023-02-27 23:27:29,587 - logger - INFO - get campaigns: 200 - (api.py:98)
2023-03-14 23:13:37,621 - logger - ERROR - add content: 400 Bad Request: The browser (or proxy) sent a request that this server could not understand. - (api.py:967)
2023-03-14 23:23:22,028 - logger - ERROR - add content: 400 Bad Request: The browser (or proxy) sent a request that this server could not understand. - (api.py:969)
2023-03-14 23:24:59,098 - logger - ERROR - add content: 400 Bad Request: The browser (or proxy) sent a request that this server could not understand. - (api.py:969)
2023-03-14 23:25:54,067 - logger - ERROR - add content: name 'res' is not defined - (api.py:969)
2023-03-14 23:26:41,055 - logger - INFO - add content: 400 - (api.py:954)
2023-03-14 23:28:43,225 - logger - INFO - add content: 400 - (api.py:954)
2023-03-14 23:29:30,242 - logger - ERROR - add content: 400 Bad Request: The browser (or proxy) sent a request that this server could not understand. - (api.py:969)
2023-03-14 23:41:12,697 - logger - ERROR - add content: 400 Bad Request: The browser (or proxy) sent a request that this server could not understand. - (api.py:969)
2023-03-14 23:53:30,414 - logger - INFO - add content: 400 - (api.py:954)
2023-03-14 23:54:29,641 - logger - INFO - add content: 400 - (api.py:954)
2023-03-15 00:03:02,601 - logger - INFO - add content: 400 - (api.py:954)
2023-03-15 00:19:05,885 - logger - INFO - add content: 400 - (api.py:954)
2023-03-15 00:23:00,538 - logger - INFO - add content: 400 - (api.py:954)
2023-03-15 00:25:08,882 - logger - INFO - add content: 400 - (api.py:954)
2023-03-15 00:27:35,155 - logger - INFO - add content: 400 - (api.py:954)
2023-03-15 00:32:00,151 - logger - INFO - add content: 400 - (api.py:954)
2023-03-15 00:32:53,621 - logger - INFO - add content: 400 - (api.py:954)
2023-03-15 00:41:13,184 - logger - INFO - add content: 400 - (api.py:954)
2023-03-15 12:11:12,577 - logger - ERROR - get campaigns: 401 - (api.py:316)
